Using pre-set license
Built from '2020.3/staging' branch; Version is '2020.3.6f1 (338bb68529b2) revision 3378102'; Using compiler version '192528614'; Build Type 'Release'
OS: 'Windows 10 Home Single Language; OS build 19041.1110; Version 2004; 64bit' Language: 'ru' Physical Memory: 16319 MB
BatchMode: 1, IsHumanControllingUs: 0, StartBugReporterOnCrash: 0, Is64bit: 1, IsPro: 0

 COMMAND LINE ARGUMENTS:
H:\UNITY VERSIONS\2020.3.6f1\Editor\Unity.exe
-adb2
-batchMode
-noUpm
-name
AssetImportWorker0
-projectPath
H:/My Unity Projects/New Unity Project
-logFile
Logs/AssetImportWorker0.log
-srvPort
50353
Successfully changed project path to: H:/My Unity Projects/New Unity Project
H:/My Unity Projects/New Unity Project
Using Asset Import Pipeline V2.
Refreshing native plugins compatible for Editor in 74.59 ms, found 1 plugins.
Preloading 0 native plugins for Editor in 0.00 ms.
Initialize engine version: 2020.3.6f1 (338bb68529b2)
[Subsystems] Discovering subsystems at path H:/UNITY VERSIONS/2020.3.6f1/Editor/Data/Resources/UnitySubsystems
[Subsystems] Discovering subsystems at path H:/My Unity Projects/New Unity Project/Assets
GfxDevice: creating device client; threaded=0
Direct3D:
    Version:  Direct3D 11.0 [level 11.1]
    Renderer: NVIDIA GeForce GTX 1060 6GB (ID=0x1c03)
    Vendor:   
    VRAM:     6052 MB
    Driver:   27.21.14.6627
Initialize mono
Mono path[0] = 'H:/UNITY VERSIONS/2020.3.6f1/Editor/Data/Managed'
Mono path[1] = 'H:/UNITY VERSIONS/2020.3.6f1/Editor/Data/MonoBleedingEdge/lib/mono/unityjit'
Mono config path = 'H:/UNITY VERSIONS/2020.3.6f1/Editor/Data/MonoBleedingEdge/etc'
Using monoOptions --debugger-agent=transport=dt_socket,embedding=1,server=y,suspend=n,address=127.0.0.1:56180
Begin MonoManager ReloadAssembly
Registering precompiled unity dll's ...
Register platform support module: H:/UNITY VERSIONS/2020.3.6f1/Editor/Data/PlaybackEngines/WebGLSupport/UnityEditor.WebGL.Extensions.dll
Register platform support module: H:/UNITY VERSIONS/2020.3.6f1/Editor/Data/PlaybackEngines/WindowsStandaloneSupport/UnityEditor.WindowsStandalone.Extensions.dll
Registered in 0.210538 seconds.
Native extension for WindowsStandalone target not found
Native extension for WebGL target not found
Refreshing native plugins compatible for Editor in 120.54 ms, found 1 plugins.
Preloading 0 native plugins for Editor in 0.00 ms.
Mono: successfully reloaded assembly
- Completed reload, in  4.201 seconds
Platform modules already initialized, skipping
Registering precompiled user dll's ...
Registered in 0.001693 seconds.
Begin MonoManager ReloadAssembly
Native extension for WindowsStandalone target not found
Native extension for WebGL target not found
Refreshing native plugins compatible for Editor in 143.80 ms, found 1 plugins.
Preloading 0 native plugins for Editor in 0.00 ms.
Mono: successfully reloaded assembly
- Completed reload, in  2.932 seconds
Platform modules already initialized, skipping
========================================================================
Worker process is ready to serve import requests
Launched and connected shader compiler UnityShaderCompiler.exe after 0.18 seconds
Refreshing native plugins compatible for Editor in 0.64 ms, found 1 plugins.
Preloading 0 native plugins for Editor in 0.00 ms.
Unloading 1812 Unused Serialized files (Serialized files now loaded: 0)
System memory in use before: 85.2 MB.
System memory in use after: 85.1 MB.

Unloading 24 unused Assets to reduce memory usage. Loaded Objects now: 2256.
Total: 3.950900 ms (FindLiveObjects: 0.286100 ms CreateObjectMapping: 0.109100 ms MarkObjects: 3.376700 ms  DeleteObjects: 0.177500 ms)

========================================================================
Received Import Request.
  path: Assets/Scripts/TankController.cs
  artifactKey: Guid(33c9830b79b4d38478112520501152a3) Importer(815301076,1909f56bfc062723c751e8b465ee728b)
Start importing Assets/Scripts/TankController.cs using Guid(33c9830b79b4d38478112520501152a3) Importer(815301076,1909f56bfc062723c751e8b465ee728b)  -> (artifact id: 'd7dae247b8a91aedf714a75ccb08074d') in 0.131664 seconds
  Import took 0.138919 seconds .

========================================================================
Received Import Request.
  Time since last request: 111.398335 seconds.
  path: Assets/Scripts/TankController.cs
  artifactKey: Guid(33c9830b79b4d38478112520501152a3) Importer(815301076,1909f56bfc062723c751e8b465ee728b)
Start importing Assets/Scripts/TankController.cs using Guid(33c9830b79b4d38478112520501152a3) Importer(815301076,1909f56bfc062723c751e8b465ee728b)  -> (artifact id: '2f2b75b2b77a63f81582b2ced21ffc0c') in 0.005549 seconds
  Import took 0.014992 seconds .

========================================================================
Received Import Request.
  Time since last request: 0.005617 seconds.
  path: Assets/Scripts/TankController.cs
  artifactKey: Guid(33c9830b79b4d38478112520501152a3) Importer(815301076,1909f56bfc062723c751e8b465ee728b)
Start importing Assets/Scripts/TankController.cs using Guid(33c9830b79b4d38478112520501152a3) Importer(815301076,1909f56bfc062723c751e8b465ee728b)  -> (artifact id: '2f2b75b2b77a63f81582b2ced21ffc0c') in 0.005847 seconds
  Import took 0.011575 seconds .

========================================================================
Received Import Request.
  Time since last request: 48.114058 seconds.
  path: Assets/Scripts/TankController.cs
  artifactKey: Guid(33c9830b79b4d38478112520501152a3) Importer(815301076,1909f56bfc062723c751e8b465ee728b)
Start importing Assets/Scripts/TankController.cs using Guid(33c9830b79b4d38478112520501152a3) Importer(815301076,1909f56bfc062723c751e8b465ee728b)  -> (artifact id: '4210319072d0768a92cb2dd5a53bfba4') in 0.003044 seconds
  Import took 0.007062 seconds .

========================================================================
Received Import Request.
  Time since last request: 43.946836 seconds.
  path: Assets/Scripts/TankController.cs
  artifactKey: Guid(33c9830b79b4d38478112520501152a3) Importer(815301076,1909f56bfc062723c751e8b465ee728b)
Start importing Assets/Scripts/TankController.cs using Guid(33c9830b79b4d38478112520501152a3) Importer(815301076,1909f56bfc062723c751e8b465ee728b)  -> (artifact id: '1cf0ce64c4dd7dde675690e586020600') in 0.002693 seconds
  Import took 0.009259 seconds .

========================================================================
Received Import Request.
  Time since last request: 22.346537 seconds.
  path: Assets/Scripts/TankController.cs
  artifactKey: Guid(33c9830b79b4d38478112520501152a3) Importer(815301076,1909f56bfc062723c751e8b465ee728b)
Start importing Assets/Scripts/TankController.cs using Guid(33c9830b79b4d38478112520501152a3) Importer(815301076,1909f56bfc062723c751e8b465ee728b)  -> (artifact id: '4a89e0cec7ed60945a9b0e84774f0018') in 0.004023 seconds
  Import took 0.010627 seconds .

========================================================================
Received Prepare
Registering precompiled user dll's ...
Registered in 0.001188 seconds.
Begin MonoManager ReloadAssembly
Native extension for WindowsStandalone target not found
Native extension for WebGL target not found
Refreshing native plugins compatible for Editor in 0.67 ms, found 1 plugins.
Preloading 0 native plugins for Editor in 0.00 ms.
Mono: successfully reloaded assembly
- Completed reload, in  1.378 seconds
Platform modules already initialized, skipping
Refreshing native plugins compatible for Editor in 0.43 ms, found 1 plugins.
Preloading 0 native plugins for Editor in 0.00 ms.
Unloading 1807 Unused Serialized files (Serialized files now loaded: 0)
System memory in use before: 85.1 MB.
System memory in use after: 85.1 MB.

Unloading 12 unused Assets to reduce memory usage. Loaded Objects now: 2260.
Total: 2.556200 ms (FindLiveObjects: 0.282000 ms CreateObjectMapping: 0.104100 ms MarkObjects: 2.045800 ms  DeleteObjects: 0.122600 ms)

AssetImportWorkerClient::OnTransportError - code=2 error=End of file
